<?xml version="1.0" encoding="UTF-8"?>
<!-- Generated by org.testng.reporters.JUnitReportReporter -->
<testsuite skipped="0" hostname="VIMAL" name="gov.uk.check.visa.AppTest" tests="1" failures="0" timestamp="12 Dec 2021 20:32:10 GMT" time="0.004" errors="0">
  <testcase name="shouldAnswerWithTrue" time="0.004" classname="gov.uk.check.visa.AppTest"/>
</testsuite> <!-- gov.uk.check.visa.AppTest -->
